Flow report for VendingMachine
Mon Dec 04 09:23:32 2023
Quartus II 64-Bit Version 13.0.1 Build 232 06/12/2013 Service Pack 1 SJ Web Edition


---------------------
; Table of Contents ;
---------------------
  1. Legal Notice
  2. Flow Summary
  3. Flow Settings
  4. Flow Non-Default Global Settings
  5. Flow Elapsed Time
  6. Flow OS Summary
  7. Flow Log
  8. Flow Messages
  9. Flow Suppressed Messages



----------------
; Legal Notice ;
----------------
Copyright (C) 1991-2013 Altera Corporation
Your use of Altera Corporation's design tools, logic functions 
and other software and tools, and its AMPP partner logic 
functions, and any output files from any of the foregoing 
(including device programming or simulation files), and any 
associated documentation or information are expressly subject 
to the terms and conditions of the Altera Program License 
Subscription Agreement, Altera MegaCore Function License 
Agreement, or other applicable license agreement, including, 
without limitation, that your use is for the sole purpose of 
programming logic devices manufactured by Altera and sold by 
Altera or its authorized distributors.  Please refer to the 
applicable agreement for further details.



+--------------------------------------------------------------------------------------+
; Flow Summary                                                                         ;
+------------------------------------+-------------------------------------------------+
; Flow Status                        ; Successful - Mon Dec 04 09:23:32 2023           ;
; Quartus II 64-Bit Version          ; 13.0.1 Build 232 06/12/2013 SP 1 SJ Web Edition ;
; Revision Name                      ; VendingMachine                                  ;
; Top-level Entity Name              ; VendingMachine                                  ;
; Family                             ; Cyclone II                                      ;
; Total logic elements               ; 63 / 4,608 ( 1 % )                              ;
;     Total combinational functions  ; 56 / 4,608 ( 1 % )                              ;
;     Dedicated logic registers      ; 38 / 4,608 ( < 1 % )                            ;
; Total registers                    ; 38                                              ;
; Total pins                         ; 29 / 89 ( 33 % )                                ;
; Total virtual pins                 ; 0                                               ;
; Total memory bits                  ; 0 / 119,808 ( 0 % )                             ;
; Embedded Multiplier 9-bit elements ; 0 / 26 ( 0 % )                                  ;
; Total PLLs                         ; 0 / 2 ( 0 % )                                   ;
; Device                             ; EP2C5T144C6                                     ;
; Timing Models                      ; Final                                           ;
+------------------------------------+-------------------------------------------------+


+-----------------------------------------+
; Flow Settings                           ;
+-------------------+---------------------+
; Option            ; Setting             ;
+-------------------+---------------------+
; Start date & time ; 12/04/2023 09:23:19 ;
; Main task         ; Compilation         ;
; Revision Name     ; VendingMachine      ;
+-------------------+---------------------+


+--------------------------------------------------------------------------------------------------------------------------+
; Flow Non-Default Global Settings                                                                                         ;
+--------------------------------------+---------------------------------+---------------+-------------+-------------------+
; Assignment Name                      ; Value                           ; Default Value ; Entity Name ; Section Id        ;
+--------------------------------------+---------------------------------+---------------+-------------+-------------------+
; COMPILER_SIGNATURE_ID                ; 251413962952628.170169259912420 ; --            ; --          ; --                ;
; EDA_DESIGN_INSTANCE_NAME             ; NA                              ; --            ; --          ; tb_VendingMachine ;
; EDA_NATIVELINK_SIMULATION_TEST_BENCH ; tb_VendingMachine               ; --            ; --          ; eda_simulation    ;
; EDA_OUTPUT_DATA_FORMAT               ; Vhdl                            ; --            ; --          ; eda_simulation    ;
; EDA_SIMULATION_TOOL                  ; ModelSim-Altera (VHDL)          ; <None>        ; --          ; --                ;
; EDA_TEST_BENCH_ENABLE_STATUS         ; TEST_BENCH_MODE                 ; --            ; --          ; eda_simulation    ;
; EDA_TEST_BENCH_FILE                  ; tb_VendingMachine.vhd           ; --            ; --          ; tb_VendingMachine ;
; EDA_TEST_BENCH_MODULE_NAME           ; tb_VendingMachine               ; --            ; --          ; tb_VendingMachine ;
; EDA_TEST_BENCH_NAME                  ; tb_VendingMachine               ; --            ; --          ; eda_simulation    ;
; EDA_TEST_BENCH_RUN_SIM_FOR           ; 220 ns                          ; --            ; --          ; tb_VendingMachine ;
; PARTITION_COLOR                      ; 16764057                        ; --            ; --          ; Top               ;
; PARTITION_FITTER_PRESERVATION_LEVEL  ; PLACEMENT_AND_ROUTING           ; --            ; --          ; Top               ;
; PARTITION_NETLIST_TYPE               ; SOURCE                          ; --            ; --          ; Top               ;
; PROJECT_OUTPUT_DIRECTORY             ; output_files                    ; --            ; --          ; --                ;
+--------------------------------------+---------------------------------+---------------+-------------+-------------------+


+-------------------------------------------------------------------------------------------------------------------------------+
; Flow Elapsed Time                                                                                                             ;
+---------------------------+--------------+-------------------------+---------------------+------------------------------------+
; Module Name               ; Elapsed Time ; Average Processors Used ; Peak Virtual Memory ; Total CPU Time (on all processors) ;
+---------------------------+--------------+-------------------------+---------------------+------------------------------------+
; Analysis & Synthesis      ; 00:00:01     ; 1.0                     ; 4634 MB             ; 00:00:01                           ;
; Fitter                    ; 00:00:03     ; 1.0                     ; 4798 MB             ; 00:00:02                           ;
; Assembler                 ; 00:00:01     ; 1.0                     ; 4537 MB             ; 00:00:01                           ;
; TimeQuest Timing Analyzer ; 00:00:01     ; 1.0                     ; 4546 MB             ; 00:00:01                           ;
; EDA Netlist Writer        ; 00:00:01     ; 1.0                     ; 4507 MB             ; 00:00:00                           ;
; Total                     ; 00:00:07     ; --                      ; --                  ; 00:00:05                           ;
+---------------------------+--------------+-------------------------+---------------------+------------------------------------+


+----------------------------------------------------------------------------------------+
; Flow OS Summary                                                                        ;
+---------------------------+------------------+-----------+------------+----------------+
; Module Name               ; Machine Hostname ; OS Name   ; OS Version ; Processor type ;
+---------------------------+------------------+-----------+------------+----------------+
; Analysis & Synthesis      ; DESKTOP-1TAHK6J  ; Windows 7 ; 6.2        ; x86_64         ;
; Fitter                    ; DESKTOP-1TAHK6J  ; Windows 7 ; 6.2        ; x86_64         ;
; Assembler                 ; DESKTOP-1TAHK6J  ; Windows 7 ; 6.2        ; x86_64         ;
; TimeQuest Timing Analyzer ; DESKTOP-1TAHK6J  ; Windows 7 ; 6.2        ; x86_64         ;
; EDA Netlist Writer        ; DESKTOP-1TAHK6J  ; Windows 7 ; 6.2        ; x86_64         ;
+---------------------------+------------------+-----------+------------+----------------+


------------
; Flow Log ;
------------
quartus_map --read_settings_files=on --write_settings_files=off VendingMachine -c VendingMachine
quartus_fit --read_settings_files=off --write_settings_files=off VendingMachine -c VendingMachine
quartus_asm --read_settings_files=off --write_settings_files=off VendingMachine -c VendingMachine
quartus_sta VendingMachine -c VendingMachine
quartus_eda --read_settings_files=off --write_settings_files=off VendingMachine -c VendingMachine



